Using pre-set license
Built from '2021.1/staging' branch; Version is '2021.1.20f1 (be552157821d) revision 12473633'; Using compiler version '192528614'; Build Type 'Release'
OS: 'Windows 10 Pro; OS build 19044.1889; Version 2009; 64bit' Language: 'ru' Physical Memory: 16309 MB
BatchMode: 1, IsHumanControllingUs: 0, StartBugReporterOnCrash: 0, Is64bit: 1, IsPro: 0

COMMAND LINE ARGUMENTS:
C:\Program Files\Unity\Hub\Editor\2021.1.20f1\Editor\Unity.exe
-adb2
-batchMode
-noUpm
-name
AssetImportWorker0
-projectPath
D:/kapibara/Uproj/AZUR_Dimon
-logFile
Logs/AssetImportWorker0.log
-srvPort
7771
Successfully changed project path to: D:/kapibara/Uproj/AZUR_Dimon
D:/kapibara/Uproj/AZUR_Dimon
Using Asset Import Pipeline V2.
Refreshing native plugins compatible for Editor in 110.85 ms, found 4 plugins.
Preloading 0 native plugins for Editor in 0.00 ms.
Initialize engine version: 2021.1.20f1 (be552157821d)
[Subsystems] Discovering subsystems at path C:/Program Files/Unity/Hub/Editor/2021.1.20f1/Editor/Data/Resources/UnitySubsystems
[Subsystems] Discovering subsystems at path D:/kapibara/Uproj/AZUR_Dimon/Assets
GfxDevice: creating device client; threaded=0; jobified=0
Direct3D:
    Version:  Direct3D 11.0 [level 11.1]
    Renderer: NVIDIA GeForce GTX 1660 SUPER (ID=0x21c4)
    Vendor:   NVIDIA
    VRAM:     5991 MB
    Driver:   31.0.15.1694
Initialize mono
Mono path[0] = 'C:/Program Files/Unity/Hub/Editor/2021.1.20f1/Editor/Data/Managed'
Mono path[1] = 'C:/Program Files/Unity/Hub/Editor/2021.1.20f1/Editor/Data/MonoBleedingEdge/lib/mono/unityjit'
Mono config path = 'C:/Program Files/Unity/Hub/Editor/2021.1.20f1/Editor/Data/MonoBleedingEdge/etc'
Using monoOptions --debugger-agent=transport=dt_socket,embedding=1,server=y,suspend=n,address=127.0.0.1:56456
Begin MonoManager ReloadAssembly
Registering precompiled unity dll's ...
Register platform support module: C:/Program Files/Unity/Hub/Editor/2021.1.20f1/Editor/Data/PlaybackEngines/WindowsStandaloneSupport/UnityEditor.WindowsStandalone.Extensions.dll
Registered in 0.001671 seconds.
Native extension for WindowsStandalone target not found
Refreshing native plugins compatible for Editor in 115.27 ms, found 4 plugins.
Preloading 0 native plugins for Editor in 0.00 ms.
Mono: successfully reloaded assembly
- Completed reload, in  1.243 seconds
Domain Reload Profiling:
	ReloadAssembly (1244ms)
		BeginReloadAssembly (65ms)
			ExecutionOrderSort (0ms)
			DisableScriptedObjects (0ms)
			BackupInstance (0ms)
			ReleaseScriptingObjects (0ms)
			CreateAndSetChildDomain (1ms)
		EndReloadAssembly (525ms)
			LoadAssemblies (62ms)
			RebuildTransferFunctionScriptingTraits (0ms)
			SetupTypeCache (177ms)
			ReleaseScriptCaches (0ms)
			RebuildScriptCaches (30ms)
			SetupLoadedEditorAssemblies (269ms)
				LogAssemblyErrors (0ms)
				InitializePlatformSupportModulesInManaged (7ms)
				SetLoadedEditorAssemblies (0ms)
				RefreshPlugins (115ms)
				BeforeProcessingInitializeOnLoad (2ms)
				ProcessInitializeOnLoadAttributes (110ms)
				ProcessInitializeOnLoadMethodAttributes (34ms)
				AfterProcessingInitializeOnLoad (0ms)
				EditorAssembliesLoaded (0ms)
			ExecutionOrderSort2 (0ms)
			AwakeInstancesAfterBackupRestoration (0ms)
Platform modules already initialized, skipping
Registering precompiled user dll's ...
Registered in 0.003585 seconds.
Begin MonoManager ReloadAssembly
Symbol file LoadedFromMemory doesn't match image D:\kapibara\Uproj\AZUR_Dimon\Library\PackageCache\com.unity.visualscripting@1.6.1\Editor\VisualScripting.Core\Dependencies\YamlDotNet\Unity.VisualScripting.YamlDotNet.dll
Symbol file LoadedFromMemory doesn't match image D:\kapibara\Uproj\AZUR_Dimon\Library\PackageCache\com.unity.visualscripting@1.6.1\Editor\VisualScripting.Core\Dependencies\DotNetZip\Unity.VisualScripting.IonicZip.dll
Native extension for WindowsStandalone target not found
Refreshing native plugins compatible for Editor in 115.74 ms, found 4 plugins.
Preloading 0 native plugins for Editor in 0.00 ms.
Mono: successfully reloaded assembly
- Completed reload, in  1.432 seconds
Domain Reload Profiling:
	ReloadAssembly (1433ms)
		BeginReloadAssembly (168ms)
			ExecutionOrderSort (0ms)
			DisableScriptedObjects (6ms)
			BackupInstance (0ms)
			ReleaseScriptingObjects (0ms)
			CreateAndSetChildDomain (20ms)
		EndReloadAssembly (1198ms)
			LoadAssemblies (102ms)
			RebuildTransferFunctionScriptingTraits (0ms)
			SetupTypeCache (406ms)
			ReleaseScriptCaches (1ms)
			RebuildScriptCaches (58ms)
			SetupLoadedEditorAssemblies (520ms)
				LogAssemblyErrors (0ms)
				InitializePlatformSupportModulesInManaged (4ms)
				SetLoadedEditorAssemblies (0ms)
				RefreshPlugins (116ms)
				BeforeProcessingInitializeOnLoad (91ms)
				ProcessInitializeOnLoadAttributes (286ms)
				ProcessInitializeOnLoadMethodAttributes (17ms)
				AfterProcessingInitializeOnLoad (6ms)
				EditorAssembliesLoaded (0ms)
			ExecutionOrderSort2 (0ms)
			AwakeInstancesAfterBackupRestoration (8ms)
Platform modules already initialized, skipping
========================================================================
Worker process is ready to serve import requests
Launched and connected shader compiler UnityShaderCompiler.exe after 0.06 seconds
Refreshing native plugins compatible for Editor in 0.77 ms, found 4 plugins.
Preloading 0 native plugins for Editor in 0.00 ms.
Unloading 3675 Unused Serialized files (Serialized files now loaded: 0)
System memory in use before: 136.4 MB.
System memory in use after: 136.6 MB.

Unloading 30 unused Assets to reduce memory usage. Loaded Objects now: 4126.
Total: 4.029600 ms (FindLiveObjects: 0.340800 ms CreateObjectMapping: 0.095100 ms MarkObjects: 3.520600 ms  DeleteObjects: 0.071700 ms)

AssetImportParameters requested are different than current active one (requested -> active):
  custom:framework-win-MediaFoundation: 216162199b28c13a410421893ffa2e32 -> 
  custom:video-decoder-ogg-theora: a1e56fd34408186e4bbccfd4996cb3dc -> 
  custom:container-muxer-webm: aa71ff27fc2769a1b78a27578f13a17b -> 
  custom:container-demuxer-webm: 4f35f7cbe854078d1ac9338744f61a02 -> 
  custom:container-demuxer-ogg: 62fdf1f143b41e24485cea50d1cbac27 -> 
  custom:video-encoder-webm-vp8: eb34c28f22e8b96e1ab97ce403110664 -> 
  custom:video-decoder-webm-vp8: 9c59270c3fd7afecdb556c50c9e8de78 -> 
  custom:audio-decoder-ogg-vorbis: bf7c407c2cedff20999df2af8eb42d56 -> 
  custom:audio-encoder-webm-vorbis: bf7c407c2cedff20999df2af8eb42d56 -> 
========================================================================
Received Import Request.
  path: Assets/Sprites/Talking On Phone (2).fbx
  artifactKey: Guid(44057b3bc4dbd494b852c7b1ab864c69) Importer(815301076,1909f56bfc062723c751e8b465ee728b)
Start importing Assets/Sprites/Talking On Phone (2).fbx using Guid(44057b3bc4dbd494b852c7b1ab864c69) Importer(815301076,1909f56bfc062723c751e8b465ee728b)  -> (artifact id: '73a7e98942c6180b94653c2835005086') in 0.183194 seconds 
========================================================================
Received Import Request.
  Time since last request: 77.194353 seconds.
  path: Assets/Sprites/Talking On Phone (2).fbx
  artifactKey: Guid(44057b3bc4dbd494b852c7b1ab864c69) Importer(815301076,1909f56bfc062723c751e8b465ee728b)
Start importing Assets/Sprites/Talking On Phone (2).fbx using Guid(44057b3bc4dbd494b852c7b1ab864c69) Importer(815301076,1909f56bfc062723c751e8b465ee728b)  -> (artifact id: 'ae601a54c3c2818bb5f4d24c9ff63e22') in 0.056514 seconds 
========================================================================
Received Import Request.
  Time since last request: 12.253668 seconds.
  path: Assets/Animation/girl 1.controller
  artifactKey: Guid(96a2e697b79ffa34a9dc1b5010b06924) Importer(815301076,1909f56bfc062723c751e8b465ee728b)
Start importing Assets/Animation/girl 1.controller using Guid(96a2e697b79ffa34a9dc1b5010b06924) Importer(815301076,1909f56bfc062723c751e8b465ee728b)  -> (artifact id: '6a98f295a5488575e17beccf202d583d') in 0.005481 seconds 
========================================================================
Received Prepare
Registering precompiled user dll's ...
Registered in 0.003582 seconds.
Begin MonoManager ReloadAssembly
Symbol file LoadedFromMemory doesn't match image D:\kapibara\Uproj\AZUR_Dimon\Library\PackageCache\com.unity.visualscripting@1.6.1\Editor\VisualScripting.Core\Dependencies\YamlDotNet\Unity.VisualScripting.YamlDotNet.dll
Symbol file LoadedFromMemory doesn't match image D:\kapibara\Uproj\AZUR_Dimon\Library\PackageCache\com.unity.visualscripting@1.6.1\Editor\VisualScripting.Core\Dependencies\DotNetZip\Unity.VisualScripting.IonicZip.dll
Native extension for WindowsStandalone target not found
Refreshing native plugins compatible for Editor in 0.78 ms, found 4 plugins.
Preloading 0 native plugins for Editor in 0.00 ms.
Mono: successfully reloaded assembly
- Completed reload, in  1.179 seconds
Domain Reload Profiling:
	ReloadAssembly (1179ms)
		BeginReloadAssembly (127ms)
			ExecutionOrderSort (0ms)
			DisableScriptedObjects (7ms)
			BackupInstance (0ms)
			ReleaseScriptingObjects (0ms)
			CreateAndSetChildDomain (41ms)
		EndReloadAssembly (984ms)
			LoadAssemblies (101ms)
			RebuildTransferFunctionScriptingTraits (0ms)
			SetupTypeCache (389ms)
			ReleaseScriptCaches (1ms)
			RebuildScriptCaches (46ms)
			SetupLoadedEditorAssemblies (331ms)
				LogAssemblyErrors (0ms)
				InitializePlatformSupportModulesInManaged (5ms)
				SetLoadedEditorAssemblies (0ms)
				RefreshPlugins (1ms)
				BeforeProcessingInitializeOnLoad (68ms)
				ProcessInitializeOnLoadAttributes (241ms)
				ProcessInitializeOnLoadMethodAttributes (10ms)
				AfterProcessingInitializeOnLoad (6ms)
				EditorAssembliesLoaded (0ms)
			ExecutionOrderSort2 (0ms)
			AwakeInstancesAfterBackupRestoration (13ms)
Platform modules already initialized, skipping
Refreshing native plugins compatible for Editor in 0.86 ms, found 4 plugins.
Preloading 0 native plugins for Editor in 0.00 ms.
Unloading 3665 Unused Serialized files (Serialized files now loaded: 0)
System memory in use before: 140.4 MB.
System memory in use after: 140.7 MB.

Unloading 18 unused Assets to reduce memory usage. Loaded Objects now: 4172.
Total: 4.011400 ms (FindLiveObjects: 0.311200 ms CreateObjectMapping: 0.091800 ms MarkObjects: 3.582500 ms  DeleteObjects: 0.024800 ms)

AssetImportParameters requested are different than current active one (requested -> active):
  custom:framework-win-MediaFoundation: 216162199b28c13a410421893ffa2e32 -> 
  custom:video-decoder-ogg-theora: a1e56fd34408186e4bbccfd4996cb3dc -> 
  custom:container-muxer-webm: aa71ff27fc2769a1b78a27578f13a17b -> 
  custom:container-demuxer-webm: 4f35f7cbe854078d1ac9338744f61a02 -> 
  custom:container-demuxer-ogg: 62fdf1f143b41e24485cea50d1cbac27 -> 
  custom:video-encoder-webm-vp8: eb34c28f22e8b96e1ab97ce403110664 -> 
  custom:video-decoder-webm-vp8: 9c59270c3fd7afecdb556c50c9e8de78 -> 
  custom:audio-decoder-ogg-vorbis: bf7c407c2cedff20999df2af8eb42d56 -> 
  custom:audio-encoder-webm-vorbis: bf7c407c2cedff20999df2af8eb42d56 -> 
========================================================================
Received Import Request.
  Time since last request: 776.242845 seconds.
  path: Assets/Models/Talking On Phone (3).fbx
  artifactKey: Guid(7308d3603128afe43b7f957632479cdc) Importer(815301076,1909f56bfc062723c751e8b465ee728b)
Start importing Assets/Models/Talking On Phone (3).fbx using Guid(7308d3603128afe43b7f957632479cdc) Importer(815301076,1909f56bfc062723c751e8b465ee728b)  -> (artifact id: 'cee81e84d6dbc61745dfd01a891be38d') in 0.136106 seconds 
========================================================================
Received Import Request.
  Time since last request: 12.315058 seconds.
  path: Assets/Models/GirlTalk.fbx
  artifactKey: Guid(7308d3603128afe43b7f957632479cdc) Importer(815301076,1909f56bfc062723c751e8b465ee728b)
Start importing Assets/Models/GirlTalk.fbx using Guid(7308d3603128afe43b7f957632479cdc) Importer(815301076,1909f56bfc062723c751e8b465ee728b)  -> (artifact id: 'f56879b68ffa2c61a2b7061b5e8aa48a') in 0.047856 seconds 
========================================================================
Received Import Request.
  Time since last request: 19.981278 seconds.
  path: Assets/Models/GirlTalk.fbx
  artifactKey: Guid(7308d3603128afe43b7f957632479cdc) Importer(815301076,1909f56bfc062723c751e8b465ee728b)
Start importing Assets/Models/GirlTalk.fbx using Guid(7308d3603128afe43b7f957632479cdc) Importer(815301076,1909f56bfc062723c751e8b465ee728b)  -> (artifact id: '937e3f2716bcf5c04850c5aac3a337ca') in 0.054238 seconds 
========================================================================
Received Import Request.
  Time since last request: 61.268885 seconds.
  path: Assets/Animation/GirlTalk.controller
  artifactKey: Guid(4ec04084ff118fc418ffc5ee95b2fe74) Importer(815301076,1909f56bfc062723c751e8b465ee728b)
Start importing Assets/Animation/GirlTalk.controller using Guid(4ec04084ff118fc418ffc5ee95b2fe74) Importer(815301076,1909f56bfc062723c751e8b465ee728b)  -> (artifact id: '7bb5afee3fda2804309b26389007d6db') in 0.002647 seconds 
========================================================================
Received Import Request.
  Time since last request: 122.459366 seconds.
  path: Assets/Animation/Girl.controller
  artifactKey: Guid(cf3970a3000235d488f405b3ef24a544) Importer(815301076,1909f56bfc062723c751e8b465ee728b)
Start importing Assets/Animation/Girl.controller using Guid(cf3970a3000235d488f405b3ef24a544) Importer(815301076,1909f56bfc062723c751e8b465ee728b)  -> (artifact id: '89fa4fb6a78fb1266f52d6d4e53e2a85') in 0.006343 seconds 
========================================================================
Received Prepare
Registering precompiled user dll's ...
Registered in 0.003727 seconds.
Begin MonoManager ReloadAssembly
Symbol file LoadedFromMemory doesn't match image D:\kapibara\Uproj\AZUR_Dimon\Library\PackageCache\com.unity.visualscripting@1.6.1\Editor\VisualScripting.Core\Dependencies\YamlDotNet\Unity.VisualScripting.YamlDotNet.dll
Symbol file LoadedFromMemory doesn't match image D:\kapibara\Uproj\AZUR_Dimon\Library\PackageCache\com.unity.visualscripting@1.6.1\Editor\VisualScripting.Core\Dependencies\DotNetZip\Unity.VisualScripting.IonicZip.dll
Native extension for WindowsStandalone target not found
Refreshing native plugins compatible for Editor in 0.79 ms, found 4 plugins.
Preloading 0 native plugins for Editor in 0.00 ms.
Mono: successfully reloaded assembly
- Completed reload, in  1.162 seconds
Domain Reload Profiling:
	ReloadAssembly (1162ms)
		BeginReloadAssembly (129ms)
			ExecutionOrderSort (0ms)
			DisableScriptedObjects (7ms)
			BackupInstance (0ms)
			ReleaseScriptingObjects (0ms)
			CreateAndSetChildDomain (43ms)
		EndReloadAssembly (965ms)
			LoadAssemblies (102ms)
			RebuildTransferFunctionScriptingTraits (0ms)
			SetupTypeCache (382ms)
			ReleaseScriptCaches (1ms)
			RebuildScriptCaches (48ms)
			SetupLoadedEditorAssemblies (323ms)
				LogAssemblyErrors (0ms)
				InitializePlatformSupportModulesInManaged (5ms)
				SetLoadedEditorAssemblies (0ms)
				RefreshPlugins (1ms)
				BeforeProcessingInitializeOnLoad (67ms)
				ProcessInitializeOnLoadAttributes (234ms)
				ProcessInitializeOnLoadMethodAttributes (10ms)
				AfterProcessingInitializeOnLoad (6ms)
				EditorAssembliesLoaded (0ms)
			ExecutionOrderSort2 (0ms)
			AwakeInstancesAfterBackupRestoration (12ms)
Platform modules already initialized, skipping
Refreshing native plugins compatible for Editor in 0.77 ms, found 4 plugins.
Preloading 0 native plugins for Editor in 0.00 ms.
Unloading 3665 Unused Serialized files (Serialized files now loaded: 0)
System memory in use before: 140.6 MB.
System memory in use after: 140.8 MB.

Unloading 18 unused Assets to reduce memory usage. Loaded Objects now: 4176.
Total: 3.696900 ms (FindLiveObjects: 0.316900 ms CreateObjectMapping: 0.097600 ms MarkObjects: 3.264700 ms  DeleteObjects: 0.016900 ms)

AssetImportParameters requested are different than current active one (requested -> active):
  custom:framework-win-MediaFoundation: 216162199b28c13a410421893ffa2e32 -> 
  custom:video-decoder-ogg-theora: a1e56fd34408186e4bbccfd4996cb3dc -> 
  custom:container-muxer-webm: aa71ff27fc2769a1b78a27578f13a17b -> 
  custom:container-demuxer-webm: 4f35f7cbe854078d1ac9338744f61a02 -> 
  custom:container-demuxer-ogg: 62fdf1f143b41e24485cea50d1cbac27 -> 
  custom:video-encoder-webm-vp8: eb34c28f22e8b96e1ab97ce403110664 -> 
  custom:video-decoder-webm-vp8: 9c59270c3fd7afecdb556c50c9e8de78 -> 
  custom:audio-decoder-ogg-vorbis: bf7c407c2cedff20999df2af8eb42d56 -> 
  custom:audio-encoder-webm-vorbis: bf7c407c2cedff20999df2af8eb42d56 -> 
========================================================================
Received Import Request.
  Time since last request: 663.994435 seconds.
  path: Assets/Sprites/Hand.png
  artifactKey: Guid(45d1030fdd3f779488c13bb0bd363686) Importer(815301076,1909f56bfc062723c751e8b465ee728b)
Start importing Assets/Sprites/Hand.png using Guid(45d1030fdd3f779488c13bb0bd363686) Importer(815301076,1909f56bfc062723c751e8b465ee728b)  -> (artifact id: 'e0746f3c7176c045c97be0bf51226e8d') in 0.066781 seconds 
========================================================================
Received Import Request.
  Time since last request: 0.000174 seconds.
  path: Assets/Sprites/items.png
  artifactKey: Guid(c97e9cfb30f1f6d48bf15ff223b36510) Importer(815301076,1909f56bfc062723c751e8b465ee728b)
Start importing Assets/Sprites/items.png using Guid(c97e9cfb30f1f6d48bf15ff223b36510) Importer(815301076,1909f56bfc062723c751e8b465ee728b)  -> (artifact id: 'dd8304409eff7c1fbb84f29a9399e8bf') in 0.012094 seconds 
========================================================================
Received Import Request.
  Time since last request: 0.000153 seconds.
  path: Assets/Sprites/PlateButton.png
  artifactKey: Guid(6fcfda743d11bff40b509635a85fa9e6) Importer(815301076,1909f56bfc062723c751e8b465ee728b)
Start importing Assets/Sprites/PlateButton.png using Guid(6fcfda743d11bff40b509635a85fa9e6) Importer(815301076,1909f56bfc062723c751e8b465ee728b)  -> (artifact id: 'f2e831de981f5dfca5ae0a0d7e804676') in 0.023901 seconds 
========================================================================
Received Import Request.
  Time since last request: 0.000238 seconds.
  path: Assets/Sprites/shop_white.png
  artifactKey: Guid(f2e9d4e6735c54f42b277ba7e7a1803c) Importer(815301076,1909f56bfc062723c751e8b465ee728b)
Start importing Assets/Sprites/shop_white.png using Guid(f2e9d4e6735c54f42b277ba7e7a1803c) Importer(815301076,1909f56bfc062723c751e8b465ee728b)  -> (artifact id: '18f8d84dc06bcf9f766ebcc5d77247c5') in 0.072640 seconds 
========================================================================
Received Import Request.
  Time since last request: 0.000191 seconds.
  path: Assets/Sprites/shop.png
  artifactKey: Guid(c80e8efd5442c674cab93621379813b5) Importer(815301076,1909f56bfc062723c751e8b465ee728b)
Start importing Assets/Sprites/shop.png using Guid(c80e8efd5442c674cab93621379813b5) Importer(815301076,1909f56bfc062723c751e8b465ee728b)  -> (artifact id: '65a5f3df137d8fd42c169a194a1952a1') in 0.044089 seconds 
========================================================================
Received Import Request.
  Time since last request: 4.133398 seconds.
  path: Assets/Sprites/Hand.png
  artifactKey: Guid(45d1030fdd3f779488c13bb0bd363686) Importer(815301076,1909f56bfc062723c751e8b465ee728b)
Start importing Assets/Sprites/Hand.png using Guid(45d1030fdd3f779488c13bb0bd363686) Importer(815301076,1909f56bfc062723c751e8b465ee728b)  -> (artifact id: '14c028cfd41357ebda12f152d3f7b98f') in 0.010068 seconds 
========================================================================
Received Import Request.
  Time since last request: 0.049312 seconds.
  path: Assets/Sprites/items.png
  artifactKey: Guid(c97e9cfb30f1f6d48bf15ff223b36510) Importer(815301076,1909f56bfc062723c751e8b465ee728b)
Start importing Assets/Sprites/items.png using Guid(c97e9cfb30f1f6d48bf15ff223b36510) Importer(815301076,1909f56bfc062723c751e8b465ee728b)  -> (artifact id: '3f8030fd31a5567df467a1520854c63f') in 0.012780 seconds 
========================================================================
Received Import Request.
  Time since last request: 0.000225 seconds.
  path: Assets/Sprites/PlateButton.png
  artifactKey: Guid(6fcfda743d11bff40b509635a85fa9e6) Importer(815301076,1909f56bfc062723c751e8b465ee728b)
Start importing Assets/Sprites/PlateButton.png using Guid(6fcfda743d11bff40b509635a85fa9e6) Importer(815301076,1909f56bfc062723c751e8b465ee728b)  -> (artifact id: 'e34d0a54648b0d36907073fffaaf1d54') in 0.016436 seconds 
========================================================================
Received Import Request.
  Time since last request: 0.000182 seconds.
  path: Assets/Sprites/shop_white.png
  artifactKey: Guid(f2e9d4e6735c54f42b277ba7e7a1803c) Importer(815301076,1909f56bfc062723c751e8b465ee728b)
Start importing Assets/Sprites/shop_white.png using Guid(f2e9d4e6735c54f42b277ba7e7a1803c) Importer(815301076,1909f56bfc062723c751e8b465ee728b)  -> (artifact id: 'aca13f3bf853289c813052bb4a81708b') in 0.070726 seconds 
========================================================================
Received Import Request.
  Time since last request: 0.000195 seconds.
  path: Assets/Sprites/shop.png
  artifactKey: Guid(c80e8efd5442c674cab93621379813b5) Importer(815301076,1909f56bfc062723c751e8b465ee728b)
Start importing Assets/Sprites/shop.png using Guid(c80e8efd5442c674cab93621379813b5) Importer(815301076,1909f56bfc062723c751e8b465ee728b)  -> (artifact id: '8f4ae91fffa8b84ff85e700541977542') in 0.079586 seconds 
========================================================================
Received Import Request.
  Time since last request: 5.475076 seconds.
  path: Assets/Sprites/Hand.png
  artifactKey: Guid(45d1030fdd3f779488c13bb0bd363686) Importer(815301076,1909f56bfc062723c751e8b465ee728b)
Start importing Assets/Sprites/Hand.png using Guid(45d1030fdd3f779488c13bb0bd363686) Importer(815301076,1909f56bfc062723c751e8b465ee728b)  -> (artifact id: '7d3806620c36389fb56555818480ec75') in 0.010876 seconds 
========================================================================
Received Import Request.
  Time since last request: 0.000195 seconds.
  path: Assets/Sprites/items.png
  artifactKey: Guid(c97e9cfb30f1f6d48bf15ff223b36510) Importer(815301076,1909f56bfc062723c751e8b465ee728b)
Start importing Assets/Sprites/items.png using Guid(c97e9cfb30f1f6d48bf15ff223b36510) Importer(815301076,1909f56bfc062723c751e8b465ee728b)  -> (artifact id: '07d6697dc2468eba5992b2a653d38178') in 0.010224 seconds 
========================================================================
Received Import Request.
  Time since last request: 0.000185 seconds.
  path: Assets/Sprites/PlateButton.png
  artifactKey: Guid(6fcfda743d11bff40b509635a85fa9e6) Importer(815301076,1909f56bfc062723c751e8b465ee728b)
Start importing Assets/Sprites/PlateButton.png using Guid(6fcfda743d11bff40b509635a85fa9e6) Importer(815301076,1909f56bfc062723c751e8b465ee728b)  -> (artifact id: 'e3bd509e9f84e0b2f5330bfde7f6de0e') in 0.008889 seconds 
========================================================================
Received Import Request.
  Time since last request: 0.000159 seconds.
  path: Assets/Sprites/shop_white.png
  artifactKey: Guid(f2e9d4e6735c54f42b277ba7e7a1803c) Importer(815301076,1909f56bfc062723c751e8b465ee728b)
Start importing Assets/Sprites/shop_white.png using Guid(f2e9d4e6735c54f42b277ba7e7a1803c) Importer(815301076,1909f56bfc062723c751e8b465ee728b)  -> (artifact id: '915782e890c4d0ccaac0cccb51410262') in 0.063398 seconds 
========================================================================
Received Import Request.
  Time since last request: 0.000207 seconds.
  path: Assets/Sprites/shop.png
  artifactKey: Guid(c80e8efd5442c674cab93621379813b5) Importer(815301076,1909f56bfc062723c751e8b465ee728b)
Start importing Assets/Sprites/shop.png using Guid(c80e8efd5442c674cab93621379813b5) Importer(815301076,1909f56bfc062723c751e8b465ee728b)  -> (artifact id: '5f64eaf84bdbdace2cafa9c7923c6621') in 0.046496 seconds 
========================================================================
Received Import Request.
  Time since last request: 5.933201 seconds.
  path: Assets/Sprites/Hand.png
  artifactKey: Guid(45d1030fdd3f779488c13bb0bd363686) Importer(815301076,1909f56bfc062723c751e8b465ee728b)
Start importing Assets/Sprites/Hand.png using Guid(45d1030fdd3f779488c13bb0bd363686) Importer(815301076,1909f56bfc062723c751e8b465ee728b)  -> (artifact id: 'd58fb48605b5e9c52017ad47743e3f55') in 0.009460 seconds 
========================================================================
Received Import Request.
  Time since last request: 0.000184 seconds.
  path: Assets/Sprites/items.png
  artifactKey: Guid(c97e9cfb30f1f6d48bf15ff223b36510) Importer(815301076,1909f56bfc062723c751e8b465ee728b)
Start importing Assets/Sprites/items.png using Guid(c97e9cfb30f1f6d48bf15ff223b36510) Importer(815301076,1909f56bfc062723c751e8b465ee728b)  -> (artifact id: '0192f162ce8b5e16e546e27380824288') in 0.011726 seconds 
========================================================================
Received Import Request.
  Time since last request: 0.000161 seconds.
  path: Assets/Sprites/PlateButton.png
  artifactKey: Guid(6fcfda743d11bff40b509635a85fa9e6) Importer(815301076,1909f56bfc062723c751e8b465ee728b)
Start importing Assets/Sprites/PlateButton.png using Guid(6fcfda743d11bff40b509635a85fa9e6) Importer(815301076,1909f56bfc062723c751e8b465ee728b)  -> (artifact id: '8f546bf7f4da084af45cd9e1a18d1e53') in 0.009694 seconds 
========================================================================
Received Import Request.
  Time since last request: 0.000178 seconds.
  path: Assets/Sprites/shop_white.png
  artifactKey: Guid(f2e9d4e6735c54f42b277ba7e7a1803c) Importer(815301076,1909f56bfc062723c751e8b465ee728b)
Start importing Assets/Sprites/shop_white.png using Guid(f2e9d4e6735c54f42b277ba7e7a1803c) Importer(815301076,1909f56bfc062723c751e8b465ee728b)  -> (artifact id: '19e1edf74cf3e8bcbc8340e7bbbff25c') in 0.078788 seconds 
========================================================================
Received Import Request.
  Time since last request: 0.000187 seconds.
  path: Assets/Sprites/shop.png
  artifactKey: Guid(c80e8efd5442c674cab93621379813b5) Importer(815301076,1909f56bfc062723c751e8b465ee728b)
Start importing Assets/Sprites/shop.png using Guid(c80e8efd5442c674cab93621379813b5) Importer(815301076,1909f56bfc062723c751e8b465ee728b)  -> (artifact id: '0397e6760363df35ea619df90e6e331e') in 0.075758 seconds 
========================================================================
Received Import Request.
  Time since last request: 21.032546 seconds.
  path: Assets/Sprites/Hand.png
  artifactKey: Guid(45d1030fdd3f779488c13bb0bd363686) Importer(815301076,1909f56bfc062723c751e8b465ee728b)
Start importing Assets/Sprites/Hand.png using Guid(45d1030fdd3f779488c13bb0bd363686) Importer(815301076,1909f56bfc062723c751e8b465ee728b)  -> (artifact id: 'c0714a5a83d723227b26e4c2d6c4d4d6') in 0.009822 seconds 
========================================================================
Received Import Request.
  Time since last request: 6.711807 seconds.
  path: Assets/Sprites/Hand.png
  artifactKey: Guid(45d1030fdd3f779488c13bb0bd363686) Importer(815301076,1909f56bfc062723c751e8b465ee728b)
Start importing Assets/Sprites/Hand.png using Guid(45d1030fdd3f779488c13bb0bd363686) Importer(815301076,1909f56bfc062723c751e8b465ee728b)  -> (artifact id: 'a354ebedd4c3f346dd7d8aaddb5613e6') in 0.016467 seconds 
========================================================================
Received Import Request.
  Time since last request: 19.175033 seconds.
  path: Assets/Sprites/PlateButton.png
  artifactKey: Guid(6fcfda743d11bff40b509635a85fa9e6) Importer(815301076,1909f56bfc062723c751e8b465ee728b)
Start importing Assets/Sprites/PlateButton.png using Guid(6fcfda743d11bff40b509635a85fa9e6) Importer(815301076,1909f56bfc062723c751e8b465ee728b)  -> (artifact id: '3a710aaddd8b9cdcdc47f4b1356a0178') in 0.015480 seconds 
AssetImportWorkerClient::OnTransportError - code=2 error=End of file
